# JRE version: Java(TM) SE Runtime Environment (8.0_221-b11) (build 1.8.0_221-b11)
# Java VM: Java HotSpot(TM) 64-Bit Server VM (25.221-b11 mixed mode windows-amd64 compressed oops)
Heap:
 PSYoungGen      total 248832K, used 134227K [0x000000076b980000, 0x000000077de00000, 0x00000007c0000000)
  eden space 244224K, 54% used [0x000000076b980000,0x0000000773c94c80,0x000000077a800000)
  from space 4608K, 0% used [0x000000077cc00000,0x000000077cc00000,0x000000077d080000)
  to   space 13312K, 0% used [0x000000077d100000,0x000000077d100000,0x000000077de00000)
 ParOldGen       total 233472K, used 42572K [0x00000006c2c00000, 0x00000006d1000000, 0x000000076b980000)
  object space 233472K, 18% used [0x00000006c2c00000,0x00000006c5593038,0x00000006d1000000)
 Metaspace       used 100776K, capacity 108940K, committed 109440K, reserved 1144832K
  class space    used 12158K, capacity 14034K, committed 14208K, reserved 1048576K
GC Heap History (10 events):
Event: 4707.730 GC heap before
{Heap before GC invocations=99 (full 34):
 PSYoungGen      total 251904K, used 85778K [0x000000076b980000, 0x000000077f000000, 0x00000007c0000000)
  eden space 243712K, 31% used [0x000000076b980000,0x000000077054c9a8,0x000000077a780000)
  from space 8192K, 99% used [0x000000077e800000,0x000000077eff80c0,0x000000077f000000)
  to   space 12800K, 0% used [0x000000077d700000,0x000000077d700000,0x000000077e380000)
 ParOldGen       total 233472K, used 51422K [0x00000006c2c00000, 0x00000006d1000000, 0x000000076b980000)
  object space 233472K, 22% used [0x00000006c2c00000,0x00000006c5e37908,0x00000006d1000000)
 Metaspace       used 98489K, capacity 106526K, committed 106624K, reserved 1142784K
  class space    used 11995K, capacity 13910K, committed 13952K, reserved 1048576K
Event: 4707.735 GC heap after
Heap after GC invocations=99 (full 34):
 PSYoungGen      total 250368K, used 6577K [0x000000076b980000, 0x000000077e880000, 0x00000007c0000000)
  eden space 243712K, 0% used [0x000000076b980000,0x000000076b980000,0x000000077a780000)
  from space 6656K, 98% used [0x000000077d700000,0x000000077dd6c5f0,0x000000077dd80000)
  to   space 11264K, 0% used [0x000000077dd80000,0x000000077dd80000,0x000000077e880000)
 ParOldGen       total 233472K, used 51422K [0x00000006c2c00000, 0x00000006d1000000, 0x000000076b980000)
  object space 233472K, 22% used [0x00000006c2c00000,0x00000006c5e37908,0x00000006d1000000)
 Metaspace       used 98489K, capacity 106526K, committed 106624K, reserved 1142784K
  class space    used 11995K, capacity 13910K, committed 13952K, reserved 1048576K
}
Event: 4707.735 GC heap before
{Heap before GC invocations=100 (full 35):
 PSYoungGen      total 250368K, used 6577K [0x000000076b980000, 0x000000077e880000, 0x00000007c0000000)
  eden space 243712K, 0% used [0x000000076b980000,0x000000076b980000,0x000000077a780000)
  from space 6656K, 98% used [0x000000077d700000,0x000000077dd6c5f0,0x000000077dd80000)
  to   space 11264K, 0% used [0x000000077dd80000,0x000000077dd80000,0x000000077e880000)
 ParOldGen       total 233472K, used 51422K [0x00000006c2c00000, 0x00000006d1000000, 0x000000076b980000)
  object space 233472K, 22% used [0x00000006c2c00000,0x00000006c5e37908,0x00000006d1000000)
 Metaspace       used 98489K, capacity 106526K, committed 106624K, reserved 1142784K
  class space    used 11995K, capacity 13910K, committed 13952K, reserved 1048576K
Event: 4707.934 GC heap after
Heap after GC invocations=100 (full 35):
 PSYoungGen      total 250368K, used 0K [0x000000076b980000, 0x000000077e880000, 0x00000007c0000000)
  eden space 243712K, 0% used [0x000000076b980000,0x000000076b980000,0x000000077a780000)
  from space 6656K, 0% used [0x000000077d700000,0x000000077d700000,0x000000077dd80000)
  to   space 11264K, 0% used [0x000000077dd80000,0x000000077dd80000,0x000000077e880000)
 ParOldGen       total 233472K, used 45977K [0x00000006c2c00000, 0x00000006d1000000, 0x000000076b980000)
  object space 233472K, 19% used [0x00000006c2c00000,0x00000006c58e67e0,0x00000006d1000000)
 Metaspace       used 98287K, capacity 106200K, committed 106624K, reserved 1142784K
  class space    used 11962K, capacity 13848K, committed 13952K, reserved 1048576K
}
Event: 4735.675 GC heap before
{Heap before GC invocations=101 (full 35):
 PSYoungGen      total 250368K, used 243701K [0x000000076b980000, 0x000000077e880000, 0x00000007c0000000)
  eden space 243712K, 99% used [0x000000076b980000,0x000000077a77d7e0,0x000000077a780000)
  from space 6656K, 0% used [0x000000077d700000,0x000000077d700000,0x000000077dd80000)
  to   space 11264K, 0% used [0x000000077dd80000,0x000000077dd80000,0x000000077e880000)
 ParOldGen       total 233472K, used 45977K [0x00000006c2c00000, 0x00000006d1000000, 0x000000076b980000)
  object space 233472K, 19% used [0x00000006c2c00000,0x00000006c58e67e0,0x00000006d1000000)
 Metaspace       used 99302K, capacity 107662K, committed 108288K, reserved 1142784K
  class space    used 12065K, capacity 13930K, committed 14080K, reserved 1048576K
Event: 4735.679 GC heap after
Heap after GC invocations=101 (full 35):
 PSYoungGen      total 251904K, used 7222K [0x000000076b980000, 0x000000077e500000, 0x00000007c0000000)
  eden space 244224K, 0% used [0x000000076b980000,0x000000076b980000,0x000000077a800000)
  from space 7680K, 94% used [0x000000077dd80000,0x000000077e48d830,0x000000077e500000)
  to   space 12800K, 0% used [0x000000077cc00000,0x000000077cc00000,0x000000077d880000)
 ParOldGen       total 233472K, used 45977K [0x00000006c2c00000, 0x00000006d1000000, 0x000000076b980000)
  object space 233472K, 19% used [0x00000006c2c00000,0x00000006c58e67e0,0x00000006d1000000)
 Metaspace       used 99302K, capacity 107662K, committed 108288K, reserved 1142784K
  class space    used 12065K, capacity 13930K, committed 14080K, reserved 1048576K
}
Event: 4761.984 GC heap before
{Heap before GC invocations=102 (full 35):
 PSYoungGen      total 251904K, used 202627K [0x000000076b980000, 0x000000077e500000, 0x00000007c0000000)
  eden space 244224K, 80% used [0x000000076b980000,0x0000000777853438,0x000000077a800000)
  from space 7680K, 94% used [0x000000077dd80000,0x000000077e48d830,0x000000077e500000)
  to   space 12800K, 0% used [0x000000077cc00000,0x000000077cc00000,0x000000077d880000)
 ParOldGen       total 233472K, used 45977K [0x00000006c2c00000, 0x00000006d1000000, 0x000000076b980000)
  object space 233472K, 19% used [0x00000006c2c00000,0x00000006c58e67e0,0x00000006d1000000)
 Metaspace       used 100547K, capacity 108710K, committed 109056K, reserved 1144832K
  class space    used 12121K, capacity 13999K, committed 14080K, reserved 1048576K
Event: 4761.988 GC heap after
Heap after GC invocations=102 (full 35):
 PSYoungGen      total 248832K, used 4383K [0x000000076b980000, 0x000000077de00000, 0x00000007c0000000)
  eden space 244224K, 0% used [0x000000076b980000,0x000000076b980000,0x000000077a800000)
  from space 4608K, 95% used [0x000000077cc00000,0x000000077d047fd8,0x000000077d080000)
  to   space 13312K, 0% used [0x000000077d100000,0x000000077d100000,0x000000077de00000)
 ParOldGen       total 233472K, used 45977K [0x00000006c2c00000, 0x00000006d1000000, 0x000000076b980000)
  object space 233472K, 19% used [0x00000006c2c00000,0x00000006c58e67e0,0x00000006d1000000)
 Metaspace       used 100547K, capacity 108710K, committed 109056K, reserved 1144832K
  class space    used 12121K, capacity 13999K, committed 14080K, reserved 1048576K
}
Event: 4761.988 GC heap before
{Heap before GC invocations=103 (full 36):
 PSYoungGen      total 248832K, used 4383K [0x000000076b980000, 0x000000077de00000, 0x00000007c0000000)
  eden space 244224K, 0% used [0x000000076b980000,0x000000076b980000,0x000000077a800000)
  from space 4608K, 95% used [0x000000077cc00000,0x000000077d047fd8,0x000000077d080000)
  to   space 13312K, 0% used [0x000000077d100000,0x000000077d100000,0x000000077de00000)
 ParOldGen       total 233472K, used 45977K [0x00000006c2c00000, 0x00000006d1000000, 0x000000076b980000)
  object space 233472K, 19% used [0x00000006c2c00000,0x00000006c58e67e0,0x00000006d1000000)
 Metaspace       used 100547K, capacity 108710K, committed 109056K, reserved 1144832K
  class space    used 12121K, capacity 13999K, committed 14080K, reserved 1048576K
Event: 4762.176 GC heap after
Heap after GC invocations=103 (full 36):
 PSYoungGen      total 248832K, used 0K [0x000000076b980000, 0x000000077de00000, 0x00000007c0000000)
  eden space 244224K, 0% used [0x000000076b980000,0x000000076b980000,0x000000077a800000)
  from space 4608K, 0% used [0x000000077cc00000,0x000000077cc00000,0x000000077d080000)
  to   space 13312K, 0% used [0x000000077d100000,0x000000077d100000,0x000000077de00000)
 ParOldGen       total 233472K, used 42572K [0x00000006c2c00000, 0x00000006d1000000, 0x000000076b980000)
  object space 233472K, 18% used [0x00000006c2c00000,0x00000006c5593038,0x00000006d1000000)
 Metaspace       used 100538K, capacity 108692K, committed 109056K, reserved 1144832K
  class space    used 12120K, capacity 13994K, committed 14080K, reserved 1048576K
}

